{"name": "test_products_group", "status": "skipped", "statusDetails": {"message": "XFAIL Wait for fix bug\n\nselenium.common.exceptions.ElementClickInterceptedException: Message: element click intercepted: Element <a href=\"https://testqastudio.me?products_group=sale\" class=\"tab-sale \">...</a> is not clickable at point (623, 593). Other element would receive the click: <div class=\"catalog-toolbar-tabs__content\">...</div>\n  (Session info: chrome=120.0.6099.227)\nStacktrace:\n\tGetHandleVerifier [0x00007FF6EFAD2142+3514994]\n\t(No symbol) [0x00007FF6EF6F0CE2]\n\t(No symbol) [0x00007FF6EF5976AA]\n\t(No symbol) [0x00007FF6EF5E88F3]\n\t(No symbol) [0x00007FF6EF5E68ED]\n\t(No symbol) [0x00007FF6EF5E40EC]\n\t(No symbol) [0x00007FF6EF5E2EA5]\n\t(No symbol) [0x00007FF6EF5D6A0F]\n\t(No symbol) [0x00007FF6EF605FEA]\n\t(No symbol) [0x00007FF6EF5D63B6]\n\t(No symbol) [0x00007FF6EF606490]\n\t(No symbol) [0x00007FF6EF6228F6]\n\t(No symbol) [0x00007FF6EF605D93]\n\t(No symbol) [0x00007FF6EF5D4BDC]\n\t(No symbol) [0x00007FF6EF5D5C64]\n\tGetHandleVerifier [0x00007FF6EFAFE16B+3695259]\n\tGetHandleVerifier [0x00007FF6EFB56737+4057191]\n\tGetHandleVerifier [0x00007FF6EFB4E4E3+4023827]\n\tGetHandleVerifier [0x00007FF6EF8204F9+689705]\n\t(No symbol) [0x00007FF6EF6FC048]\n\t(No symbol) [0x00007FF6EF6F8044]\n\t(No symbol) [0x00007FF6EF6F81C9]\n\t(No symbol) [0x00007FF6EF6E88C4]\n\tBaseThreadInitThunk [0x00007FFCE9827344+20]\n\tRtlUserThreadStart [0x00007FFCEB3626B1+33]", "trace": "tests\\test_shop.py:48: in test_products_group\n    element.click()\n        browser    = <selenium.webdriver.chrome.webdriver.WebDriver (session=\"81bf25e54218ec96863dcf581a52f3d7\")>\n        element    = <selenium.webdriver.remote.webelement.WebElement (session=\"81bf25e54218ec96863dcf581a52f3d7\", element=\"A9DF9657DAF03F961A63AED4B31521E8_element_143\")>\n        elements   = [<selenium.webdriver.remote.webelement.WebElement (session=\"81bf25e54218ec96863dcf581a52f3d7\", element=\"3D5279335C6CC8...lement.WebElement (session=\"81bf25e54218ec96863dcf581a52f3d7\", element=\"3D5279335C6CC865D99BA85DE478EA45_element_49\")>]\n        expected_menu = [('Все', '', \"[class='tab-all active']\"), ('Бестселлеры', '/?products_group=best_sellers', \"[class='tab-best_sellers '... '/?products_group=new', \"[class='tab-new ']\"), ('Распродажа товаров', '/?products_group=sale', \"[class='tab-sale ']\")]\n        item       = ('Распродажа товаров', '/?products_group=sale', \"[class='tab-sale ']\")\n        menu_element = \"[class='catalog-toolbar-tabs__content'] a\"\nenv\\lib\\site-packages\\selenium\\webdriver\\remote\\webelement.py:94: in click\n    self._execute(Command.CLICK_ELEMENT)\n        self       = <selenium.webdriver.remote.webelement.WebElement (session=\"81bf25e54218ec96863dcf581a52f3d7\", element=\"A9DF9657DAF03F961A63AED4B31521E8_element_143\")>\nenv\\lib\\site-packages\\selenium\\webdriver\\remote\\webelement.py:395: in _execute\n    return self._parent.execute(command, params)\n        command    = 'clickElement'\n        params     = {'id': 'A9DF9657DAF03F961A63AED4B31521E8_element_143'}\n        self       = <selenium.webdriver.remote.webelement.WebElement (session=\"81bf25e54218ec96863dcf581a52f3d7\", element=\"A9DF9657DAF03F961A63AED4B31521E8_element_143\")>\nenv\\lib\\site-packages\\selenium\\webdriver\\remote\\webdriver.py:347: in execute\n    self.error_handler.check_response(response)\n        driver_command = 'clickElement'\n        params     = {}\n        response   = {'status': 400, 'value': '{\"value\":{\"error\":\"element click intercepted\",\"message\":\"element click intercepted: Element ...07FF6EF6E88C4]\\\\n\\\\tBaseThreadInitThunk [0x00007FFCE9827344+20]\\\\n\\\\tRtlUserThreadStart [0x00007FFCEB3626B1+33]\\\\n\"}}'}\n        self       = <selenium.webdriver.chrome.webdriver.WebDriver (session=\"81bf25e54218ec96863dcf581a52f3d7\")>\nenv\\lib\\site-packages\\selenium\\webdriver\\remote\\errorhandler.py:229: in check_response\n    raise exception_class(message, screen, stacktrace)\nE   selenium.common.exceptions.ElementClickInterceptedException: Message: element click intercepted: Element <a href=\"https://testqastudio.me?products_group=sale\" class=\"tab-sale \">...</a> is not clickable at point (623, 593). Other element would receive the click: <div class=\"catalog-toolbar-tabs__content\">...</div>\nE     (Session info: chrome=120.0.6099.227)\nE   Stacktrace:\nE   \tGetHandleVerifier [0x00007FF6EFAD2142+3514994]\nE   \t(No symbol) [0x00007FF6EF6F0CE2]\nE   \t(No symbol) [0x00007FF6EF5976AA]\nE   \t(No symbol) [0x00007FF6EF5E88F3]\nE   \t(No symbol) [0x00007FF6EF5E68ED]\nE   \t(No symbol) [0x00007FF6EF5E40EC]\nE   \t(No symbol) [0x00007FF6EF5E2EA5]\nE   \t(No symbol) [0x00007FF6EF5D6A0F]\nE   \t(No symbol) [0x00007FF6EF605FEA]\nE   \t(No symbol) [0x00007FF6EF5D63B6]\nE   \t(No symbol) [0x00007FF6EF606490]\nE   \t(No symbol) [0x00007FF6EF6228F6]\nE   \t(No symbol) [0x00007FF6EF605D93]\nE   \t(No symbol) [0x00007FF6EF5D4BDC]\nE   \t(No symbol) [0x00007FF6EF5D5C64]\nE   \tGetHandleVerifier [0x00007FF6EFAFE16B+3695259]\nE   \tGetHandleVerifier [0x00007FF6EFB56737+4057191]\nE   \tGetHandleVerifier [0x00007FF6EFB4E4E3+4023827]\nE   \tGetHandleVerifier [0x00007FF6EF8204F9+689705]\nE   \t(No symbol) [0x00007FF6EF6FC048]\nE   \t(No symbol) [0x00007FF6EF6F8044]\nE   \t(No symbol) [0x00007FF6EF6F81C9]\nE   \t(No symbol) [0x00007FF6EF6E88C4]\nE   \tBaseThreadInitThunk [0x00007FFCE9827344+20]\nE   \tRtlUserThreadStart [0x00007FFCEB3626B1+33]\n        e          = <selenium.webdriver.remote.errorhandler.ErrorCode object at 0x000002198D0FD270>\n        error_code = 'ELEMENT_CLICK_INTERCEPTED'\n        error_codes = ['ELEMENT_CLICK_INTERCEPTED', 'ELEMENT_IS_NOT_SELECTABLE', 'ELEMENT_NOT_INTERACTABLE', 'ELEMENT_NOT_VISIBLE', 'IME_ENGINE_ACTIVATION_FAILED', 'IME_NOT_AVAILABLE', ...]\n        error_info = [64, 'element click intercepted']\n        exception_class = <class 'selenium.common.exceptions.ElementClickInterceptedException'>\n        json       = <module 'json' from 'C:\\\\Users\\\\Коля\\\\AppData\\\\Local\\\\Programs\\\\Python\\\\Python310\\\\lib\\\\json\\\\__init__.py'>\n        message    = 'element click intercepted: Element <a href=\"https://testqastudio.me?products_group=sale\" class=\"tab-sale \">...</a> is...would receive the click: <div class=\"catalog-toolbar-tabs__content\">...</div>\\n  (Session info: chrome=120.0.6099.227)'\n        response   = {'status': 400, 'value': '{\"value\":{\"error\":\"element click intercepted\",\"message\":\"element click intercepted: Element ...07FF6EF6E88C4]\\\\n\\\\tBaseThreadInitThunk [0x00007FFCE9827344+20]\\\\n\\\\tRtlUserThreadStart [0x00007FFCEB3626B1+33]\\\\n\"}}'}\n        screen     = None\n        self       = <selenium.webdriver.remote.errorhandler.ErrorHandler object at 0x000002198D0AFDF0>\n        st_value   = '\\tGetHandleVerifier [0x00007FF6EFAD2142+3514994]\\n\\t(No symbol) [0x00007FF6EF6F0CE2]\\n\\t(No symbol) [0x00007FF6EF5976...l) [0x00007FF6EF6E88C4]\\n\\tBaseThreadInitThunk [0x00007FFCE9827344+20]\\n\\tRtlUserThreadStart [0x00007FFCEB3626B1+33]\\n'\n        stacktrace = ['\\tGetHandleVerifier [0x00007FF6EFAD2142+3514994]', '\\t(No symbol) [0x00007FF6EF6F0CE2]', '\\t(No symbol) [0x00007FF6E... '\\t(No symbol) [0x00007FF6EF5E88F3]', '\\t(No symbol) [0x00007FF6EF5E68ED]', '\\t(No symbol) [0x00007FF6EF5E40EC]', ...]\n        status     = 'element click intercepted'\n        value      = {'error': 'element click intercepted', 'message': 'element click intercepted: Element <a href=\"https://testqastudio.me...) [0x00007FF6EF6E88C4]\\n\\tBaseThreadInitThunk [0x00007FFCE9827344+20]\\n\\tRtlUserThreadStart [0x00007FFCEB3626B1+33]\\n'}\n        value_json = '{\"value\":{\"error\":\"element click intercepted\",\"message\":\"element click intercepted: Element \\\\u003Ca href=\\\\\"https://...007FF6EF6E88C4]\\\\n\\\\tBaseThreadInitThunk [0x00007FFCE9827344+20]\\\\n\\\\tRtlUserThreadStart [0x00007FFCEB3626B1+33]\\\\n\"}}'"}, "description": "\n    Test case TC-2\n    ", "start": 1706459396767, "stop": 1706459406795, "uuid": "62c5a19b-2b7f-41b5-853c-dbd0db89e8c7", "historyId": "4fdd6adba16e950b161eae73ef4ccb14", "testCaseId": "4fdd6adba16e950b161eae73ef4ccb14", "fullName": "tests.test_shop#test_products_group", "labels": [{"name": "tag", "value": "@pytest.mark.xfail(reason='Wait for fix bug')"}, {"name": "parentSuite", "value": "tests"}, {"name": "suite", "value": "test_shop"}, {"name": "host", "value": "MusicPC"}, {"name": "thread", "value": "11584-MainThread"}, {"name": "framework", "value": "pytest"}, {"name": "language", "value": "cpython3"}, {"name": "package", "value": "tests.test_shop"}]}